2024-02-10 11:18:08,463 INFO  [Log] **************************************************************************************** 
2024-02-10 11:18:08,464 INFO  [Log] **************************************************************************************** 
2024-02-10 11:18:08,465 INFO  [Log] $$$$$$$$$$$$$$$$$$$$$                 My login test case       $$$$$$$$$$$$$$$$$$$$$$$$$ 
2024-02-10 11:18:08,465 INFO  [Log] **************************************************************************************** 
2024-02-10 11:18:08,465 INFO  [Log] **************************************************************************************** 
2024-02-10 11:18:08,465 INFO  [Log] My test case is executing 
2024-02-10 11:18:08,465 INFO  [Log] I am testing log4j functionality 
2024-02-10 11:18:09,307 INFO  [Log] XXXXXXXXXXXXXXXXXXXXXXX             -E---N---D-             XXXXXXXXXXXXXXXXXXXXXX 
2024-02-10 11:18:09,308 INFO  [Log] X 
2024-02-10 11:18:09,308 INFO  [Log] X 
2024-02-10 11:18:09,308 INFO  [Log] X 
2024-02-10 11:18:09,308 INFO  [Log] X 
2024-04-30 01:21:55,980 INFO  [Log] **************************************************************************************** 
2024-04-30 01:21:55,980 INFO  [Log] **************************************************************************************** 
2024-04-30 01:21:55,980 INFO  [Log] $$$$$$$$$$$$$$$$$$$$$                 My login test case       $$$$$$$$$$$$$$$$$$$$$$$$$ 
2024-04-30 01:21:55,980 INFO  [Log] **************************************************************************************** 
2024-04-30 01:21:55,980 INFO  [Log] **************************************************************************************** 
2024-04-30 01:21:55,980 INFO  [Log] My test case is executing 
2024-04-30 01:21:55,980 INFO  [Log] I am testing log4j functionality 
2024-04-30 01:21:56,345 INFO  [Log] XXXXXXXXXXXXXXXXXXXXXXX             -E---N---D-             XXXXXXXXXXXXXXXXXXXXXX 
2024-04-30 01:21:56,345 INFO  [Log] X 
2024-04-30 01:21:56,345 INFO  [Log] X 
2024-04-30 01:21:56,345 INFO  [Log] X 
2024-04-30 01:21:56,345 INFO  [Log] X 
2024-05-04 07:58:43,042 INFO  [Log] **************************************************************************************** 
2024-05-04 07:58:43,042 INFO  [Log] **************************************************************************************** 
2024-05-04 07:58:43,042 INFO  [Log] $$$$$$$$$$$$$$$$$$$$$                 My login test case       $$$$$$$$$$$$$$$$$$$$$$$$$ 
2024-05-04 07:58:43,042 INFO  [Log] **************************************************************************************** 
2024-05-04 07:58:43,042 INFO  [Log] **************************************************************************************** 
2024-05-04 07:58:43,042 INFO  [Log] My test case is executing 
2024-05-04 07:58:43,042 INFO  [Log] I am testing log4j functionality 
2024-05-04 07:58:43,591 INFO  [Log] XXXXXXXXXXXXXXXXXXXXXXX             -E---N---D-             XXXXXXXXXXXXXXXXXXXXXX 
2024-05-04 07:58:43,591 INFO  [Log] X 
2024-05-04 07:58:43,591 INFO  [Log] X 
2024-05-04 07:58:43,591 INFO  [Log] X 
2024-05-04 07:58:43,591 INFO  [Log] X 
2024-05-04 08:00:23,762 INFO  [Log] **************************************************************************************** 
2024-05-04 08:00:23,762 INFO  [Log] **************************************************************************************** 
2024-05-04 08:00:23,776 INFO  [Log] $$$$$$$$$$$$$$$$$$$$$                 My login test case       $$$$$$$$$$$$$$$$$$$$$$$$$ 
2024-05-04 08:00:23,776 INFO  [Log] **************************************************************************************** 
2024-05-04 08:00:23,776 INFO  [Log] **************************************************************************************** 
2024-05-04 08:00:23,776 INFO  [Log] My test case is executing 
2024-05-04 08:00:23,776 INFO  [Log] I am testing log4j functionality 
2024-05-04 08:00:24,198 INFO  [Log] XXXXXXXXXXXXXXXXXXXXXXX             -E---N---D-             XXXXXXXXXXXXXXXXXXXXXX 
2024-05-04 08:00:24,200 INFO  [Log] X 
2024-05-04 08:00:24,200 INFO  [Log] X 
2024-05-04 08:00:24,200 INFO  [Log] X 
2024-05-04 08:00:24,200 INFO  [Log] X 
